<?xml version="1.0" encoding="UTF-8"?>
<testsuite name="edu.lernia.labb5.YatziTest" tests="2" skipped="0" failures="0" errors="0" timestamp="2022-09-17T19:14:08" hostname="MacBook-Air-som-tillhor-Pontus.local" time="0.047">
  <properties/>
  <testcase name="isNotYatziWhenOneDieIsNotMatchingTheOther()" classname="edu.lernia.labb5.YatziTest" time="0.043"/>
  <testcase name="yatziIsTrueWhenAllDiceAreTheSame()" classname="edu.lernia.labb5.YatziTest" time="0.002"/>
  <system-out><![CDATA[]]></system-out>
  <system-err><![CDATA[]]></system-err>
</testsuite>
